<?xml version="1.0" encoding="UTF-8"?>
<!-- Generated by org.testng.reporters.JUnitReportReporter -->
<testsuite skipped="0" hostname="johnq-PC" name="testScripts.PersonalDetailsPageTest" tests="1" failures="0" timestamp="12 Feb 2018 22:38:52 GMT" time="0.996" errors="0">
  <testcase name="assertHomepage" time="0.996" classname="testScripts.PersonalDetailsPageTest"/>
</testsuite> <!-- testScripts.PersonalDetailsPageTest -->
