<?xml version="1.0" encoding="UTF-8"?>
<!-- Generated by org.testng.reporters.JUnitReportReporter -->
<testsuite skipped="0" hostname="johnq-PC" name="pagefactorytestscripts.SortProdPageFactoryTest" tests="1" failures="0" timestamp="12 Feb 2018 01:34:03 GMT" time="0.453" errors="0">
  <testcase name="VerifySortProd_Name" time="0.453" classname="pagefactorytestscripts.SortProdPageFactoryTest"/>
</testsuite> <!-- pagefactorytestscripts.SortProdPageFactoryTest -->
