<?xml version="1.0" encoding="UTF-8"?>
<!-- Generated by org.testng.reporters.JUnitReportReporter -->
<testsuite skipped="0" hostname="johnq-PC" name="pagefactorytestscripts.ProductPageFactoryTest" tests="1" failures="0" timestamp="12 Feb 2018 01:33:34 GMT" time="4.955" errors="0">
  <testcase name="verifyProductDetailsTest" time="4.955" classname="pagefactorytestscripts.ProductPageFactoryTest"/>
</testsuite> <!-- pagefactorytestscripts.ProductPageFactoryTest -->
