<?xml version="1.0" encoding="UTF-8"?>
<!-- Generated by org.testng.reporters.JUnitReportReporter -->
<testsuite skipped="0" hostname="johnq-PC" name="pagefactorytestscripts.HomePageTest" tests="1" failures="0" timestamp="12 Feb 2018 01:32:48 GMT" time="0.642" errors="0">
  <testcase name="assertHomepage" time="0.642" classname="pagefactorytestscripts.HomePageTest"/>
</testsuite> <!-- pagefactorytestscripts.HomePageTest -->
