<?xml version="1.0" encoding="UTF-8"?>
<!-- Generated by org.testng.reporters.JUnitReportReporter -->
<testsuite skipped="0" hostname="johnq-PC" name="testScripts.SortProductNamePageTest" tests="1" failures="0" timestamp="12 Feb 2018 22:39:40 GMT" time="0.494" errors="0">
  <testcase name="VerifySortProd_Name" time="0.494" classname="testScripts.SortProductNamePageTest"/>
</testsuite> <!-- testScripts.SortProductNamePageTest -->
