<?xml version="1.0" encoding="UTF-8"?>
<!-- Generated by org.testng.reporters.JUnitReportReporter -->
<testsuite skipped="0" hostname="johnq-PC" name="testScripts.ProductDetailsPageTest" tests="1" failures="0" timestamp="12 Feb 2018 22:39:18 GMT" time="5.332" errors="0">
  <testcase name="assertProductDetailspage" time="5.332" classname="testScripts.ProductDetailsPageTest"/>
</testsuite> <!-- testScripts.ProductDetailsPageTest -->
